0 silly argv {
0 silly argv   _: [ 'version' ],
0 silly argv   lernaVersion: '6.6.1',
0 silly argv   '$0': '/usr/local/node/lib/node_modules/lerna/dist/cli.js'
0 silly argv }
1 notice cli v6.6.1
2 verbose rootPath /usr/jiaodata/jiao-cli-dev
3 info current version 2.0.0
4 silly isAnythingCommitted
5 verbose isAnythingCommitted 1
6 silly getCurrentBranch
7 verbose currentBranch master
8 silly remoteBranchExists
9 silly isBehindUpstream
10 error Error: Command failed with exit code 1: git remote update
10 error Permission denied (publickey).
10 error fatal: Could not read from remote repository.
10 error
10 error Please make sure you have the correct access rights
10 error and the repository exists.
10 error     at makeError (/usr/local/node/lib/node_modules/lerna/node_modules/.store/execa@5.1.1/node_modules/execa/lib/error.js:60:11)
10 error     at Function.module.exports.sync (/usr/local/node/lib/node_modules/lerna/node_modules/.store/execa@5.1.1/node_modules/execa/index.js:194:17)
10 error     at Object.execSync (/usr/local/node/lib/node_modules/lerna/node_modules/.store/@lerna+child-process@6.6.1/node_modules/@lerna/child-process/index.js:39:16)
10 error     at updateRemote (/usr/local/node/lib/node_modules/lerna/dist/cli.js:5908:22)
10 error     at isBehindUpstream (/usr/local/node/lib/node_modules/lerna/dist/cli.js:5898:7)
10 error     at VersionCommand.initialize (/usr/local/node/lib/node_modules/lerna/dist/cli.js:6233:57)
